<?xml version="1.0" encoding="UTF-8"?>
<!-- Generated by org.testng.reporters.JUnitReportReporter -->
<testsuite hostname="DESKTOP-MG34QMQ" failures="0" tests="1" name="AdminTests.LoginTests" time="93.876" errors="0" timestamp="2024-01-30T17:09:40 IST" skipped="0">
  <testcase classname="AdminTests.LoginTests" name="verifyAdminIsLoginWithValidCred" time="93.876"/>
  <system-out/>
</testsuite> <!-- AdminTests.LoginTests -->
